[0m[[0m[0mdebug[0m] [0m[0m> Exec(;Test/compile; collectAnalyses, None, Some(CommandSource(network-1)))[0m
[0m[[0m[0mdebug[0m] [0m[0munmatched Processing event for requestId None: None[0m
[0m[[0m[0mdebug[0m] [0m[0munmatched Done event for requestId None: None[0m
[0m[[0m[0mdebug[0m] [0m[0m> Exec(Test/compile, None, Some(CommandSource(network-1)))[0m
[0m[[0m[0mdebug[0m] [0m[0munmatched Processing event for requestId None: None[0m
[0m[[0m[0mdebug[0m] [0m[0mEvaluating tasks: Test / compile[0m
[0m[[0m[0mdebug[0m] [0m[0mRunning task... Cancel: bloop.integrations.sbt.Offloader$$anon$1@250d3c1b, check cycles: false, forcegc: true[0m
[0m[[0m[0mdebug[0m] [0m[0mjsonRpcNotify: JsonRpcNotificationMessage(2.0, build/taskStart, {"taskId":{"id":"35","parents":[]},"eventTime":1635390537382,"message":"Compiling root","dataKind":"compile-task","data":{"target":{"uri":"file:/C:/Users/18284/Desktop/Training%20Program/Week%204/hiveproject1/#root/Compile"}}})[0m
[0m[[0m[0minfo[0m] [0m[0mcompiling 3 Scala sources to C:\Users\18284\Desktop\Training Program\Week 4\hiveproject1\target\scala-2.13\classes ...[0m
[0m[[0m[0mdebug[0m] [0m[0mjsonRpcNotify: JsonRpcNotificationMessage(2.0, build/logMessage, {"type":3,"message":"compiling 3 Scala sources to C:\\Users\\18284\\Desktop\\Training Program\\Week 4\\hiveproject1\\target\\scala-2.13\\classes ..."})[0m
[0m[[0m[0mdebug[0m] [0m[0mUnhandled request received: shutdown: JsonRpcRequestMessage(2.0, ♨15, shutdown, null})[0m
[0m[[0m[0mdebug[0m] [0m[0mjsonRpcNotify: JsonRpcNotificationMessage(2.0, build/publishDiagnostics, {"textDocument":{"uri":"file:///C:/Users/18284/Desktop/Training%20Program/Week%204/hiveproject1/src/main/scala/example/LoginScreen.scala"},"buildTarget":{"uri":"file:/C:/Users/18284/Desktop/Training%20Program/Week%204/hiveproject1/#root/Compile"},"diagnostics":[{"range":{"start":{"line":80,"character":24},"end":{"line":80,"character":64}},"severity":1,"source":"sbt","message":"reassignment to val"}],"reset":false})[0m
[0m[[0m[31merror[0m] [0m[0mC:\Users\18284\Desktop\Training Program\Week 4\hiveproject1\src\main\scala\example\LoginScreen.scala:81:40: reassignment to val[0m
[0m[[0m[31merror[0m] [0m[0m                        user2.username = scala.io.StdIn.readLine[0m
[0m[[0m[31merror[0m] [0m[0m                                       ^[0m
[0m[[0m[0mdebug[0m] [0m[0mjsonRpcNotify: JsonRpcNotificationMessage(2.0, build/logMessage, {"type":1,"message":"C:\\Users\\18284\\Desktop\\Training Program\\Week 4\\hiveproject1\\src\\main\\scala\\example\\LoginScreen.scala:81:40: reassignment to val"})[0m
[0m[[0m[0mdebug[0m] [0m[0mjsonRpcNotify: JsonRpcNotificationMessage(2.0, build/logMessage, {"type":1,"message":"                        user2.username = scala.io.StdIn.readLine"})[0m
[0m[[0m[0mdebug[0m] [0m[0mjsonRpcNotify: JsonRpcNotificationMessage(2.0, build/logMessage, {"type":1,"message":"                                       ^"})[0m
[0m[[0m[0mdebug[0m] [0m[0mjsonRpcNotify: JsonRpcNotificationMessage(2.0, build/publishDiagnostics, {"textDocument":{"uri":"file:///C:/Users/18284/Desktop/Training%20Program/Week%204/hiveproject1/src/main/scala/example/LoginScreen.scala"},"buildTarget":{"uri":"file:/C:/Users/18284/Desktop/Training%20Program/Week%204/hiveproject1/#root/Compile"},"diagnostics":[{"range":{"start":{"line":84,"character":24},"end":{"line":84,"character":64}},"severity":1,"source":"sbt","message":"reassignment to val"}],"reset":false})[0m
[0m[[0m[31merror[0m] [0m[0mC:\Users\18284\Desktop\Training Program\Week 4\hiveproject1\src\main\scala\example\LoginScreen.scala:85:40: reassignment to val[0m
[0m[[0m[31merror[0m] [0m[0m                        user2.password = scala.io.StdIn.readLine[0m
[0m[[0m[31merror[0m] [0m[0m                                       ^[0m
[0m[[0m[0mdebug[0m] [0m[0mjsonRpcNotify: JsonRpcNotificationMessage(2.0, build/logMessage, {"type":1,"message":"C:\\Users\\18284\\Desktop\\Training Program\\Week 4\\hiveproject1\\src\\main\\scala\\example\\LoginScreen.scala:85:40: reassignment to val"})[0m
[0m[[0m[0mdebug[0m] [0m[0mjsonRpcNotify: JsonRpcNotificationMessage(2.0, build/logMessage, {"type":1,"message":"                        user2.password = scala.io.StdIn.readLine"})[0m
[0m[[0m[0mdebug[0m] [0m[0mjsonRpcNotify: JsonRpcNotificationMessage(2.0, build/logMessage, {"type":1,"message":"                                       ^"})[0m
[0m[[0m[0mdebug[0m] [0m[0mjsonRpcNotify: JsonRpcNotificationMessage(2.0, build/publishDiagnostics, {"textDocument":{"uri":"file:///C:/Users/18284/Desktop/Training%20Program/Week%204/hiveproject1/src/main/scala/example/LoginScreen.scala"},"buildTarget":{"uri":"file:/C:/Users/18284/Desktop/Training%20Program/Week%204/hiveproject1/#root/Compile"},"diagnostics":[{"range":{"start":{"line":86,"character":24},"end":{"line":86,"character":49}},"severity":1,"source":"sbt","message":"reassignment to val"}],"reset":false})[0m
[0m[[0m[31merror[0m] [0m[0mC:\Users\18284\Desktop\Training Program\Week 4\hiveproject1\src\main\scala\example\LoginScreen.scala:87:35: reassignment to val[0m
[0m[[0m[31merror[0m] [0m[0m                        userCount = userCount + 1[0m
[0m[[0m[31merror[0m] [0m[0m                                  ^[0m
[0m[[0m[0mdebug[0m] [0m[0mjsonRpcNotify: JsonRpcNotificationMessage(2.0, build/logMessage, {"type":1,"message":"C:\\Users\\18284\\Desktop\\Training Program\\Week 4\\hiveproject1\\src\\main\\scala\\example\\LoginScreen.scala:87:35: reassignment to val"})[0m
[0m[[0m[0mdebug[0m] [0m[0mjsonRpcNotify: JsonRpcNotificationMessage(2.0, build/logMessage, {"type":1,"message":"                        userCount = userCount + 1"})[0m
[0m[[0m[0mdebug[0m] [0m[0mjsonRpcNotify: JsonRpcNotificationMessage(2.0, build/logMessage, {"type":1,"message":"                                  ^"})[0m
[0m[[0m[0mdebug[0m] [0m[0mjsonRpcNotify: JsonRpcNotificationMessage(2.0, build/publishDiagnostics, {"textDocument":{"uri":"file:///C:/Users/18284/Desktop/Training%20Program/Week%204/hiveproject1/src/main/scala/example/LoginScreen.scala"},"buildTarget":{"uri":"file:/C:/Users/18284/Desktop/Training%20Program/Week%204/hiveproject1/#root/Compile"},"diagnostics":[{"range":{"start":{"line":92,"character":24},"end":{"line":92,"character":64}},"severity":1,"source":"sbt","message":"reassignment to val"}],"reset":false})[0m
[0m[[0m[31merror[0m] [0m[0mC:\Users\18284\Desktop\Training Program\Week 4\hiveproject1\src\main\scala\example\LoginScreen.scala:93:40: reassignment to val[0m
[0m[[0m[31merror[0m] [0m[0m                        user3.username = scala.io.StdIn.readLine[0m
[0m[[0m[31merror[0m] [0m[0m                                       ^[0m
[0m[[0m[0mdebug[0m] [0m[0mjsonRpcNotify: JsonRpcNotificationMessage(2.0, build/logMessage, {"type":1,"message":"C:\\Users\\18284\\Desktop\\Training Program\\Week 4\\hiveproject1\\src\\main\\scala\\example\\LoginScreen.scala:93:40: reassignment to val"})[0m
[0m[[0m[0mdebug[0m] [0m[0mjsonRpcNotify: JsonRpcNotificationMessage(2.0, build/logMessage, {"type":1,"message":"                        user3.username = scala.io.StdIn.readLine"})[0m
[0m[[0m[0mdebug[0m] [0m[0mjsonRpcNotify: JsonRpcNotificationMessage(2.0, build/logMessage, {"type":1,"message":"                                       ^"})[0m
[0m[[0m[0mdebug[0m] [0m[0mjsonRpcNotify: JsonRpcNotificationMessage(2.0, build/publishDiagnostics, {"textDocument":{"uri":"file:///C:/Users/18284/Desktop/Training%20Program/Week%204/hiveproject1/src/main/scala/example/LoginScreen.scala"},"buildTarget":{"uri":"file:/C:/Users/18284/Desktop/Training%20Program/Week%204/hiveproject1/#root/Compile"},"diagnostics":[{"range":{"start":{"line":96,"character":24},"end":{"line":96,"character":64}},"severity":1,"source":"sbt","message":"reassignment to val"}],"reset":false})[0m
[0m[[0m[31merror[0m] [0m[0mC:\Users\18284\Desktop\Training Program\Week 4\hiveproject1\src\main\scala\example\LoginScreen.scala:97:40: reassignment to val[0m
[0m[[0m[31merror[0m] [0m[0m                        user3.password = scala.io.StdIn.readLine[0m
[0m[[0m[31merror[0m] [0m[0m                                       ^[0m
[0m[[0m[0mdebug[0m] [0m[0mjsonRpcNotify: JsonRpcNotificationMessage(2.0, build/logMessage, {"type":1,"message":"C:\\Users\\18284\\Desktop\\Training Program\\Week 4\\hiveproject1\\src\\main\\scala\\example\\LoginScreen.scala:97:40: reassignment to val"})[0m
[0m[[0m[0mdebug[0m] [0m[0mjsonRpcNotify: JsonRpcNotificationMessage(2.0, build/logMessage, {"type":1,"message":"                        user3.password = scala.io.StdIn.readLine"})[0m
[0m[[0m[0mdebug[0m] [0m[0mjsonRpcNotify: JsonRpcNotificationMessage(2.0, build/logMessage, {"type":1,"message":"                                       ^"})[0m
[0m[[0m[0mdebug[0m] [0m[0mjsonRpcNotify: JsonRpcNotificationMessage(2.0, build/publishDiagnostics, {"textDocument":{"uri":"file:///C:/Users/18284/Desktop/Training%20Program/Week%204/hiveproject1/src/main/scala/example/LoginScreen.scala"},"buildTarget":{"uri":"file:/C:/Users/18284/Desktop/Training%20Program/Week%204/hiveproject1/#root/Compile"},"diagnostics":[{"range":{"start":{"line":98,"character":24},"end":{"line":98,"character":38}},"severity":1,"source":"sbt","message":"value += is not a member of Int\r\n  Expression does not convert to assignment because receiver is not assignable."}],"reset":false})[0m
[0m[[0m[31merror[0m] [0m[0mC:\Users\18284\Desktop\Training Program\Week 4\hiveproject1\src\main\scala\example\LoginScreen.scala:99:35: value += is not a member of Int[0m
[0m[[0m[31merror[0m] [0m[0m  Expression does not convert to assignment because receiver is not assignable.[0m
[0m[[0m[31merror[0m] [0m[0m                        userCount += 1[0m
[0m[[0m[31merror[0m] [0m[0m                                  ^[0m
[0m[[0m[0mdebug[0m] [0m[0mjsonRpcNotify: JsonRpcNotificationMessage(2.0, build/logMessage, {"type":1,"message":"C:\\Users\\18284\\Desktop\\Training Program\\Week 4\\hiveproject1\\src\\main\\scala\\example\\LoginScreen.scala:99:35: value += is not a member of Int\r\n  Expression does not convert to assignment because receiver is not assignable."})[0m
[0m[[0m[0mdebug[0m] [0m[0mjsonRpcNotify: JsonRpcNotificationMessage(2.0, build/logMessage, {"type":1,"message":"                        userCount += 1"})[0m
[0m[[0m[0mdebug[0m] [0m[0mjsonRpcNotify: JsonRpcNotificationMessage(2.0, build/logMessage, {"type":1,"message":"                                  ^"})[0m
[0m[[0m[0mdebug[0m] [0m[0mjsonRpcNotify: JsonRpcNotificationMessage(2.0, build/publishDiagnostics, {"textDocument":{"uri":"file:///C:/Users/18284/Desktop/Training%20Program/Week%204/hiveproject1/src/main/scala/example/LoginScreen.scala"},"buildTarget":{"uri":"file:/C:/Users/18284/Desktop/Training%20Program/Week%204/hiveproject1/#root/Compile"},"diagnostics":[{"range":{"start":{"line":104,"character":24},"end":{"line":104,"character":64}},"severity":1,"source":"sbt","message":"reassignment to val"}],"reset":false})[0m
[0m[[0m[31merror[0m] [0m[0mC:\Users\18284\Desktop\Training Program\Week 4\hiveproject1\src\main\scala\example\LoginScreen.scala:105:40: reassignment to val[0m
[0m[[0m[31merror[0m] [0m[0m                        user4.username = scala.io.StdIn.readLine[0m
[0m[[0m[31merror[0m] [0m[0m                                       ^[0m
[0m[[0m[0mdebug[0m] [0m[0mjsonRpcNotify: JsonRpcNotificationMessage(2.0, build/logMessage, {"type":1,"message":"C:\\Users\\18284\\Desktop\\Training Program\\Week 4\\hiveproject1\\src\\main\\scala\\example\\LoginScreen.scala:105:40: reassignment to val"})[0m
[0m[[0m[0mdebug[0m] [0m[0mjsonRpcNotify: JsonRpcNotificationMessage(2.0, build/logMessage, {"type":1,"message":"                        user4.username = scala.io.StdIn.readLine"})[0m
[0m[[0m[0mdebug[0m] [0m[0mjsonRpcNotify: JsonRpcNotificationMessage(2.0, build/logMessage, {"type":1,"message":"                                       ^"})[0m
[0m[[0m[0mdebug[0m] [0m[0mjsonRpcNotify: JsonRpcNotificationMessage(2.0, build/publishDiagnostics, {"textDocument":{"uri":"file:///C:/Users/18284/Desktop/Training%20Program/Week%204/hiveproject1/src/main/scala/example/LoginScreen.scala"},"buildTarget":{"uri":"file:/C:/Users/18284/Desktop/Training%20Program/Week%204/hiveproject1/#root/Compile"},"diagnostics":[{"range":{"start":{"line":108,"character":24},"end":{"line":108,"character":64}},"severity":1,"source":"sbt","message":"reassignment to val"}],"reset":false})[0m
[0m[[0m[31merror[0m] [0m[0mC:\Users\18284\Desktop\Training Program\Week 4\hiveproject1\src\main\scala\example\LoginScreen.scala:109:40: reassignment to val[0m
[0m[[0m[31merror[0m] [0m[0m                        user4.password = scala.io.StdIn.readLine[0m
[0m[[0m[31merror[0m] [0m[0m                                       ^[0m
[0m[[0m[0mdebug[0m] [0m[0mjsonRpcNotify: JsonRpcNotificationMessage(2.0, build/logMessage, {"type":1,"message":"C:\\Users\\18284\\Desktop\\Training Program\\Week 4\\hiveproject1\\src\\main\\scala\\example\\LoginScreen.scala:109:40: reassignment to val"})[0m
[0m[[0m[0mdebug[0m] [0m[0mjsonRpcNotify: JsonRpcNotificationMessage(2.0, build/logMessage, {"type":1,"message":"                        user4.password = scala.io.StdIn.readLine"})[0m
[0m[[0m[0mdebug[0m] [0m[0mjsonRpcNotify: JsonRpcNotificationMessage(2.0, build/logMessage, {"type":1,"message":"                                       ^"})[0m
[0m[[0m[0mdebug[0m] [0m[0mjsonRpcNotify: JsonRpcNotificationMessage(2.0, build/publishDiagnostics, {"textDocument":{"uri":"file:///C:/Users/18284/Desktop/Training%20Program/Week%204/hiveproject1/src/main/scala/example/LoginScreen.scala"},"buildTarget":{"uri":"file:/C:/Users/18284/Desktop/Training%20Program/Week%204/hiveproject1/#root/Compile"},"diagnostics":[{"range":{"start":{"line":110,"character":24},"end":{"line":110,"character":38}},"severity":1,"source":"sbt","message":"value += is not a member of Int\r\n  Expression does not convert to assignment because receiver is not assignable."}],"reset":false})[0m
[0m[[0m[31merror[0m] [0m[0mC:\Users\18284\Desktop\Training Program\Week 4\hiveproject1\src\main\scala\example\LoginScreen.scala:111:35: value += is not a member of Int[0m
[0m[[0m[31merror[0m] [0m[0m  Expression does not convert to assignment because receiver is not assignable.[0m
[0m[[0m[31merror[0m] [0m[0m                        userCount += 1[0m
[0m[[0m[31merror[0m] [0m[0m                                  ^[0m
[0m[[0m[0mdebug[0m] [0m[0mjsonRpcNotify: JsonRpcNotificationMessage(2.0, build/logMessage, {"type":1,"message":"C:\\Users\\18284\\Desktop\\Training Program\\Week 4\\hiveproject1\\src\\main\\scala\\example\\LoginScreen.scala:111:35: value += is not a member of Int\r\n  Expression does not convert to assignment because receiver is not assignable."})[0m
[0m[[0m[0mdebug[0m] [0m[0mjsonRpcNotify: JsonRpcNotificationMessage(2.0, build/logMessage, {"type":1,"message":"                        userCount += 1"})[0m
[0m[[0m[0mdebug[0m] [0m[0mjsonRpcNotify: JsonRpcNotificationMessage(2.0, build/logMessage, {"type":1,"message":"                                  ^"})[0m
[0m[[0m[31merror[0m] [0m[0m9 errors found[0m
[0m[[0m[0mdebug[0m] [0m[0mjsonRpcNotify: JsonRpcNotificationMessage(2.0, build/logMessage, {"type":1,"message":"9 errors found"})[0m
[0m[[0m[0mdebug[0m] [0m[0mjsonRpcNotify: JsonRpcNotificationMessage(2.0, build/publishDiagnostics, {"textDocument":{"uri":"file:///C:/Users/18284/Desktop/Training%20Program/Week%204/hiveproject1/src/main/scala/example/HiveScala.scala"},"buildTarget":{"uri":"file:/C:/Users/18284/Desktop/Training%20Program/Week%204/hiveproject1/#root/Compile"},"diagnostics":[],"reset":true})[0m
[0m[[0m[0mdebug[0m] [0m[0mjsonRpcNotify: JsonRpcNotificationMessage(2.0, build/publishDiagnostics, {"textDocument":{"uri":"file:///C:/Users/18284/Desktop/Training%20Program/Week%204/hiveproject1/src/main/scala/example/LoginScreen.scala"},"buildTarget":{"uri":"file:/C:/Users/18284/Desktop/Training%20Program/Week%204/hiveproject1/#root/Compile"},"diagnostics":[{"range":{"start":{"line":80,"character":24},"end":{"line":80,"character":64}},"severity":1,"source":"sbt","message":"reassignment to val"},{"range":{"start":{"line":84,"character":24},"end":{"line":84,"character":64}},"severity":1,"source":"sbt","message":"reassignment to val"},{"range":{"start":{"line":86,"character":24},"end":{"line":86,"character":49}},"severity":1,"source":"sbt","message":"reassignment to val"},{"range":{"start":{"line":92,"character":24},"end":{"line":92,"character":64}},"severity":1,"source":"sbt","message":"reassignment to val"},{"range":{"start":{"line":96,"character":24},"end":{"line":96,"character":64}},"severity":1,"source":"sbt","message":"reassignment to val"},{"range":{"start":{"line":98,"character":24},"end":{"line":98,"character":38}},"severity":1,"source":"sbt","message":"value += is not a member of Int\r\n  Expression does not convert to assignment because receiver is not assignable."},{"range":{"start":{"line":104,"character":24},"end":{"line":104,"character":64}},"severity":1,"source":"sbt","message":"reassignment to val"},{"range":{"start":{"line":108,"character":24},"end":{"line":108,"character":64}},"severity":1,"source":"sbt","message":"reassignment to val"},{"range":{"start":{"line":110,"character":24},"end":{"line":110,"character":38}},"severity":1,"source":"sbt","message":"value += is not a member of Int\r\n  Expression does not convert to assignment because receiver is not assignable."}],"reset":true})[0m
[0m[[0m[0mdebug[0m] [0m[0mjsonRpcNotify: JsonRpcNotificationMessage(2.0, build/publishDiagnostics, {"textDocument":{"uri":"file:///C:/Users/18284/Desktop/Training%20Program/Week%204/hiveproject1/src/main/scala/example/User.scala"},"buildTarget":{"uri":"file:/C:/Users/18284/Desktop/Training%20Program/Week%204/hiveproject1/#root/Compile"},"diagnostics":[],"reset":true})[0m
[0m[[0m[0mdebug[0m] [0m[0mjsonRpcNotify: JsonRpcNotificationMessage(2.0, build/taskFinish, {"taskId":{"id":"35","parents":[]},"eventTime":1635390537593,"message":"Compiled root","status":2,"dataKind":"compile-report","data":{"target":{"uri":"file:/C:/Users/18284/Desktop/Training%20Program/Week%204/hiveproject1/#root/Compile"},"errors":9,"warnings":0,"time":211}})[0m
[0m[[0m[0mdebug[0m] [0m[0munmatched json error for requestId None: {"code":-32603,"message":"(Compile / \u001b[31mcompileIncremental\u001b[0m) Compilation failed"}[0m
[0m[[0m[31merror[0m] [0m[0m(Compile / [31mcompileIncremental[0m) Compilation failed[0m
[0m[[0m[0mdebug[0m] [0m[0mjsonRpcNotify: JsonRpcNotificationMessage(2.0, build/logMessage, {"type":1,"message":"(Compile / \u001b[31mcompileIncremental\u001b[0m) Compilation failed"})[0m
[0m[[0m[31merror[0m] [0m[0mTotal time: 0 s, completed Oct 27, 2021, 11:08:57 PM[0m
[0m[[0m[0mdebug[0m] [0m[0munmatched Done event for requestId None: None[0m
[0m[[0m[0mdebug[0m] [0m[0m> Exec(shell, None, None)[0m
