[0m[[0m[0mdebug[0m] [0m[0m> Exec(;Test/compile; collectAnalyses, None, Some(CommandSource(network-1)))[0m
[0m[[0m[0mdebug[0m] [0m[0munmatched Processing event for requestId None: None[0m
[0m[[0m[0mdebug[0m] [0m[0munmatched Done event for requestId None: None[0m
[0m[[0m[0mdebug[0m] [0m[0m> Exec(Test/compile, None, Some(CommandSource(network-1)))[0m
[0m[[0m[0mdebug[0m] [0m[0munmatched Processing event for requestId None: None[0m
[0m[[0m[0mdebug[0m] [0m[0mEvaluating tasks: Test / compile[0m
[0m[[0m[0mdebug[0m] [0m[0mRunning task... Cancel: bloop.integrations.sbt.Offloader$$anon$1@5909285b, check cycles: false, forcegc: true[0m
[0m[[0m[0mdebug[0m] [0m[0mjsonRpcNotify: JsonRpcNotificationMessage(2.0, build/taskStart, {"taskId":{"id":"12","parents":[]},"eventTime":1635455963540,"message":"Compiling root","dataKind":"compile-task","data":{"target":{"uri":"file:/C:/Users/18284/Desktop/Training%20Program/Week%204/hiveproject1/#root/Compile"}}})[0m
[0m[[0m[0mdebug[0m] [0m[0mjsonRpcNotify: JsonRpcNotificationMessage(2.0, build/publishDiagnostics, {"textDocument":{"uri":"file:///C:/Users/18284/Desktop/Training%20Program/Week%204/hiveproject1/src/main/scala/example/StockApplication.scala"},"buildTarget":{"uri":"file:/C:/Users/18284/Desktop/Training%20Program/Week%204/hiveproject1/#root/Compile"},"diagnostics":[],"reset":true})[0m
[0m[[0m[0mdebug[0m] [0m[0mjsonRpcNotify: JsonRpcNotificationMessage(2.0, build/publishDiagnostics, {"textDocument":{"uri":"file:///C:/Users/18284/Desktop/Training%20Program/Week%204/hiveproject1/src/main/scala/example/LoginScreen.scala"},"buildTarget":{"uri":"file:/C:/Users/18284/Desktop/Training%20Program/Week%204/hiveproject1/#root/Compile"},"diagnostics":[],"reset":true})[0m
[0m[[0m[0mdebug[0m] [0m[0mjsonRpcNotify: JsonRpcNotificationMessage(2.0, build/publishDiagnostics, {"textDocument":{"uri":"file:///C:/Users/18284/Desktop/Training%20Program/Week%204/hiveproject1/src/main/scala/example/HiveScala.scala"},"buildTarget":{"uri":"file:/C:/Users/18284/Desktop/Training%20Program/Week%204/hiveproject1/#root/Compile"},"diagnostics":[],"reset":true})[0m
[0m[[0m[0mdebug[0m] [0m[0mjsonRpcNotify: JsonRpcNotificationMessage(2.0, build/taskFinish, {"taskId":{"id":"12","parents":[]},"eventTime":1635455963545,"message":"Compiled root","status":1,"dataKind":"compile-report","data":{"target":{"uri":"file:/C:/Users/18284/Desktop/Training%20Program/Week%204/hiveproject1/#root/Compile"},"errors":0,"warnings":0,"time":5}})[0m
[0m[[0m[0mdebug[0m] [0m[0mjsonRpcNotify: JsonRpcNotificationMessage(2.0, build/taskStart, {"taskId":{"id":"13","parents":[]},"eventTime":1635455963548,"message":"Compiling root-test","dataKind":"compile-task","data":{"target":{"uri":"file:/C:/Users/18284/Desktop/Training%20Program/Week%204/hiveproject1/#root/Test"}}})[0m
[0m[[0m[0mdebug[0m] [0m[0mjsonRpcNotify: JsonRpcNotificationMessage(2.0, build/taskFinish, {"taskId":{"id":"13","parents":[]},"eventTime":1635455963553,"message":"Compiled root-test","status":1,"dataKind":"compile-report","data":{"target":{"uri":"file:/C:/Users/18284/Desktop/Training%20Program/Week%204/hiveproject1/#root/Test"},"errors":0,"warnings":0,"time":5}})[0m
[0m[[0m[32msuccess[0m] [0m[0mTotal time: 0 s, completed Oct 28, 2021, 5:19:23 PM[0m
[0m[[0m[0mdebug[0m] [0m[0munmatched Done event for requestId None: None[0m
[0m[[0m[0mdebug[0m] [0m[0m> Exec(collectAnalyses, None, Some(CommandSource(network-1)))[0m
[0m[[0m[0mdebug[0m] [0m[0munmatched Processing event for requestId None: None[0m
[0m[[0m[0mdebug[0m] [0m[0mEvaluating tasks: Compile / collectAnalyses[0m
[0m[[0m[0mdebug[0m] [0m[0mRunning task... Cancel: bloop.integrations.sbt.Offloader$$anon$1@57f1a1de, check cycles: false, forcegc: true[0m
[0m[[0m[0mdebug[0m] [0m[0manalysis location (C:\Users\18284\Desktop\Training Program\Week 4\hiveproject1\target\scala-2.13\zinc\inc_compile_2.13.zip,true)[0m
[0m[[0m[32msuccess[0m] [0m[0mTotal time: 0 s, completed Oct 28, 2021, 5:19:23 PM[0m
[0m[[0m[0mdebug[0m] [0m[0munmatched Done event for requestId None: None[0m
[0m[[0m[0mdebug[0m] [0m[0m> Exec(shell, None, None)[0m
