[0m[[0m[0mdebug[0m] [0m[0m> Exec(compile, Some(ae324465-e9fe-4ad0-9798-4a9fe67f09bd), Some(CommandSource(console0)))[0m
[0m[[0m[0mdebug[0m] [0m[0mEvaluating tasks: Compile / compile[0m
[0m[[0m[0mdebug[0m] [0m[0mRunning task... Cancel: bloop.integrations.sbt.Offloader$$anon$1@b56c222, check cycles: false, forcegc: true[0m
[0m[[0m[0minfo[0m] [0m[0mcompiling 4 Scala sources to C:\Users\18284\Desktop\Training Program\Week 4\hiveproject1\target\scala-2.11\classes ...[0m
[0m[[0m[31merror[0m] [0m[0mC:\Users\18284\Desktop\Training Program\Week 4\hiveproject1\src\main\scala\example\GetUrlContent.scala:3:12: object apache is not a member of package org[0m
[0m[[0m[31merror[0m] [0m[0mimport org.apache.http.HttpEntity[0m
[0m[[0m[31merror[0m] [0m[0m           ^[0m
[0m[[0m[31merror[0m] [0m[0mC:\Users\18284\Desktop\Training Program\Week 4\hiveproject1\src\main\scala\example\GetUrlContent.scala:4:12: object apache is not a member of package org[0m
[0m[[0m[31merror[0m] [0m[0mimport org.apache.http.HttpResponse[0m
[0m[[0m[31merror[0m] [0m[0m           ^[0m
[0m[[0m[31merror[0m] [0m[0mC:\Users\18284\Desktop\Training Program\Week 4\hiveproject1\src\main\scala\example\GetUrlContent.scala:5:12: object apache is not a member of package org[0m
[0m[[0m[31merror[0m] [0m[0mimport org.apache.http.client.ClientProtocolException[0m
[0m[[0m[31merror[0m] [0m[0m           ^[0m
[0m[[0m[31merror[0m] [0m[0mC:\Users\18284\Desktop\Training Program\Week 4\hiveproject1\src\main\scala\example\GetUrlContent.scala:6:12: object apache is not a member of package org[0m
[0m[[0m[31merror[0m] [0m[0mimport org.apache.http.client.HttpClient[0m
[0m[[0m[31merror[0m] [0m[0m           ^[0m
[0m[[0m[31merror[0m] [0m[0mC:\Users\18284\Desktop\Training Program\Week 4\hiveproject1\src\main\scala\example\GetUrlContent.scala:7:12: object apache is not a member of package org[0m
[0m[[0m[31merror[0m] [0m[0mimport org.apache.http.client.methods.HttpGet[0m
[0m[[0m[31merror[0m] [0m[0m           ^[0m
[0m[[0m[31merror[0m] [0m[0mC:\Users\18284\Desktop\Training Program\Week 4\hiveproject1\src\main\scala\example\GetUrlContent.scala:8:12: object apache is not a member of package org[0m
[0m[[0m[31merror[0m] [0m[0mimport org.apache.http.impl.client.DefaultHttpClient[0m
[0m[[0m[31merror[0m] [0m[0m           ^[0m
[0m[[0m[33mwarn[0m] [0m[0mC:\Users\18284\Desktop\Training Program\Week 4\hiveproject1\src\main\scala\example\HiveScala.scala:3:16: imported `LoginScreen' is permanently hidden by definition of object LoginScreen in package example[0m
[0m[[0m[33mwarn[0m] [0m[0mimport example.LoginScreen[0m
[0m[[0m[33mwarn[0m] [0m[0m               ^[0m
[0m[[0m[33mwarn[0m] [0m[0mC:\Users\18284\Desktop\Training Program\Week 4\hiveproject1\src\main\scala\example\HiveScala.scala:4:16: imported `StockApplication' is permanently hidden by definition of object StockApplication in package example[0m
[0m[[0m[33mwarn[0m] [0m[0mimport example.StockApplication[0m
[0m[[0m[33mwarn[0m] [0m[0m               ^[0m
[0m[[0m[33mwarn[0m] [0m[0mC:\Users\18284\Desktop\Training Program\Week 4\hiveproject1\src\main\scala\example\StockApplication.scala:3:16: imported `GetUrlContent' is permanently hidden by definition of object GetUrlContent in package example[0m
[0m[[0m[33mwarn[0m] [0m[0mimport example.GetUrlContent[0m
[0m[[0m[33mwarn[0m] [0m[0m               ^[0m
[0m[[0m[33mwarn[0m] [0m[0mC:\Users\18284\Desktop\Training Program\Week 4\hiveproject1\src\main\scala\example\StockApplication.scala:39:22: This catches all Throwables. If this is really intended, use `case ex : Throwable` to clear this warning.[0m
[0m[[0m[33mwarn[0m] [0m[0m                case ex => {[0m
[0m[[0m[33mwarn[0m] [0m[0m                     ^[0m
[0m[[0m[33mwarn[0m] [0m[0mC:\Users\18284\Desktop\Training Program\Week 4\hiveproject1\src\main\scala\example\StockApplication.scala:30:18: This catches all Throwables. If this is really intended, use `case ex : Throwable` to clear this warning.[0m
[0m[[0m[33mwarn[0m] [0m[0m            case ex => {[0m
[0m[[0m[33mwarn[0m] [0m[0m                 ^[0m
[0m[[0m[33mwarn[0m] [0m[0m5 warnings found[0m
[0m[[0m[31merror[0m] [0m[0m6 errors found[0m
[0m[[0m[31merror[0m] [0m[0m(Compile / [31mcompileIncremental[0m) Compilation failed[0m
[0m[[0m[31merror[0m] [0m[0mTotal time: 2 s, completed Oct 31, 2021, 10:28:23 AM[0m
[0m[[0m[0mdebug[0m] [0m[0m> Exec(shell, None, None)[0m
