[0m[[0m[0mdebug[0m] [0m[0m> Exec(compile, Some(8d4eaffa-f13a-4752-900e-8cd18e768d46), Some(CommandSource(console0)))[0m
[0m[[0m[0mdebug[0m] [0m[0mEvaluating tasks: Compile / compile[0m
[0m[[0m[0mdebug[0m] [0m[0mRunning task... Cancel: bloop.integrations.sbt.Offloader$$anon$1@21fa19e4, check cycles: false, forcegc: true[0m
[0m[[0m[0mdebug[0m] [0m[0mjsonRpcNotify: JsonRpcNotificationMessage(2.0, build/taskStart, {"taskId":{"id":"100","parents":[]},"eventTime":1635717645903,"message":"Compiling root","dataKind":"compile-task","data":{"target":{"uri":"file:/C:/Users/18284/Desktop/Training%20Program/Week%204/hiveproject1/#root/Compile"}}})[0m
[0m[[0m[0minfo[0m] [0m[0mcompiling 1 Scala source to C:\Users\18284\Desktop\Training Program\Week 4\hiveproject1\target\scala-2.11\classes ...[0m
[0m[[0m[0mdebug[0m] [0m[0mjsonRpcNotify: JsonRpcNotificationMessage(2.0, build/logMessage, {"type":3,"message":"compiling 1 Scala source to C:\\Users\\18284\\Desktop\\Training Program\\Week 4\\hiveproject1\\target\\scala-2.11\\classes ..."})[0m
[0m[[0m[0mdebug[0m] [0m[0mjsonRpcNotify: JsonRpcNotificationMessage(2.0, build/publishDiagnostics, {"textDocument":{"uri":"file:///C:/Users/18284/Desktop/Training%20Program/Week%204/hiveproject1/src/main/scala/example/StockApplication.scala"},"buildTarget":{"uri":"file:/C:/Users/18284/Desktop/Training%20Program/Week%204/hiveproject1/#root/Compile"},"diagnostics":[{"range":{"start":{"line":77,"character":24},"end":{"line":77,"character":25}},"severity":1,"source":"sbt","message":"not found: value hiveCommand"}],"reset":false})[0m
[0m[[0m[31merror[0m] [0m[0mC:\Users\18284\Desktop\Training Program\Week 4\hiveproject1\src\main\scala\example\StockApplication.scala:78:25: not found: value hiveCommand[0m
[0m[[0m[31merror[0m] [0m[0m                        hiveCommand = "CREATE TABLE IF NOT EXISTS " + newTable + "(json String)"[0m
[0m[[0m[31merror[0m] [0m[0m                        ^[0m
[0m[[0m[0mdebug[0m] [0m[0mjsonRpcNotify: JsonRpcNotificationMessage(2.0, build/logMessage, {"type":1,"message":"C:\\Users\\18284\\Desktop\\Training Program\\Week 4\\hiveproject1\\src\\main\\scala\\example\\StockApplication.scala:78:25: not found: value hiveCommand"})[0m
[0m[[0m[0mdebug[0m] [0m[0mjsonRpcNotify: JsonRpcNotificationMessage(2.0, build/logMessage, {"type":1,"message":"                        hiveCommand = \"CREATE TABLE IF NOT EXISTS \" + newTable + \"(json String)\""})[0m
[0m[[0m[0mdebug[0m] [0m[0mjsonRpcNotify: JsonRpcNotificationMessage(2.0, build/logMessage, {"type":1,"message":"                        ^"})[0m
[0m[[0m[0mdebug[0m] [0m[0mjsonRpcNotify: JsonRpcNotificationMessage(2.0, build/publishDiagnostics, {"textDocument":{"uri":"file:///C:/Users/18284/Desktop/Training%20Program/Week%204/hiveproject1/src/main/scala/example/StockApplication.scala"},"buildTarget":{"uri":"file:/C:/Users/18284/Desktop/Training%20Program/Week%204/hiveproject1/#root/Compile"},"diagnostics":[{"range":{"start":{"line":78,"character":24},"end":{"line":78,"character":25}},"severity":1,"source":"sbt","message":"not found: value stmt"}],"reset":false})[0m
[0m[[0m[31merror[0m] [0m[0mC:\Users\18284\Desktop\Training Program\Week 4\hiveproject1\src\main\scala\example\StockApplication.scala:79:25: not found: value stmt[0m
[0m[[0m[31merror[0m] [0m[0m                        stmt.execute(hiveCommand)[0m
[0m[[0m[31merror[0m] [0m[0m                        ^[0m
[0m[[0m[0mdebug[0m] [0m[0mjsonRpcNotify: JsonRpcNotificationMessage(2.0, build/logMessage, {"type":1,"message":"C:\\Users\\18284\\Desktop\\Training Program\\Week 4\\hiveproject1\\src\\main\\scala\\example\\StockApplication.scala:79:25: not found: value stmt"})[0m
[0m[[0m[0mdebug[0m] [0m[0mjsonRpcNotify: JsonRpcNotificationMessage(2.0, build/logMessage, {"type":1,"message":"                        stmt.execute(hiveCommand)"})[0m
[0m[[0m[0mdebug[0m] [0m[0mjsonRpcNotify: JsonRpcNotificationMessage(2.0, build/logMessage, {"type":1,"message":"                        ^"})[0m
[0m[[0m[0mdebug[0m] [0m[0mjsonRpcNotify: JsonRpcNotificationMessage(2.0, build/publishDiagnostics, {"textDocument":{"uri":"file:///C:/Users/18284/Desktop/Training%20Program/Week%204/hiveproject1/src/main/scala/example/StockApplication.scala"},"buildTarget":{"uri":"file:/C:/Users/18284/Desktop/Training%20Program/Week%204/hiveproject1/#root/Compile"},"diagnostics":[{"range":{"start":{"line":78,"character":37},"end":{"line":78,"character":38}},"severity":1,"source":"sbt","message":"not found: value hiveCommand"}],"reset":false})[0m
[0m[[0m[31merror[0m] [0m[0mC:\Users\18284\Desktop\Training Program\Week 4\hiveproject1\src\main\scala\example\StockApplication.scala:79:38: not found: value hiveCommand[0m
[0m[[0m[31merror[0m] [0m[0m                        stmt.execute(hiveCommand)[0m
[0m[[0m[31merror[0m] [0m[0m                                     ^[0m
[0m[[0m[0mdebug[0m] [0m[0mjsonRpcNotify: JsonRpcNotificationMessage(2.0, build/logMessage, {"type":1,"message":"C:\\Users\\18284\\Desktop\\Training Program\\Week 4\\hiveproject1\\src\\main\\scala\\example\\StockApplication.scala:79:38: not found: value hiveCommand"})[0m
[0m[[0m[0mdebug[0m] [0m[0mjsonRpcNotify: JsonRpcNotificationMessage(2.0, build/logMessage, {"type":1,"message":"                        stmt.execute(hiveCommand)"})[0m
[0m[[0m[0mdebug[0m] [0m[0mjsonRpcNotify: JsonRpcNotificationMessage(2.0, build/logMessage, {"type":1,"message":"                                     ^"})[0m
[0m[[0m[0mdebug[0m] [0m[0mjsonRpcNotify: JsonRpcNotificationMessage(2.0, build/publishDiagnostics, {"textDocument":{"uri":"file:///C:/Users/18284/Desktop/Training%20Program/Week%204/hiveproject1/src/main/scala/example/StockApplication.scala"},"buildTarget":{"uri":"file:/C:/Users/18284/Desktop/Training%20Program/Week%204/hiveproject1/#root/Compile"},"diagnostics":[{"range":{"start":{"line":82,"character":24},"end":{"line":82,"character":25}},"severity":1,"source":"sbt","message":"not found: value hiveCommand"}],"reset":false})[0m
[0m[[0m[31merror[0m] [0m[0mC:\Users\18284\Desktop\Training Program\Week 4\hiveproject1\src\main\scala\example\StockApplication.scala:83:25: not found: value hiveCommand[0m
[0m[[0m[31merror[0m] [0m[0m                        hiveCommand = "LOAD DATA LOCAL INPATH '/tmp/dataFolder/stockData.json' INTO TABLE " + newTable[0m
[0m[[0m[31merror[0m] [0m[0m                        ^[0m
[0m[[0m[0mdebug[0m] [0m[0mjsonRpcNotify: JsonRpcNotificationMessage(2.0, build/logMessage, {"type":1,"message":"C:\\Users\\18284\\Desktop\\Training Program\\Week 4\\hiveproject1\\src\\main\\scala\\example\\StockApplication.scala:83:25: not found: value hiveCommand"})[0m
[0m[[0m[0mdebug[0m] [0m[0mjsonRpcNotify: JsonRpcNotificationMessage(2.0, build/logMessage, {"type":1,"message":"                        hiveCommand = \"LOAD DATA LOCAL INPATH '/tmp/dataFolder/stockData.json' INTO TABLE \" + newTable"})[0m
[0m[[0m[0mdebug[0m] [0m[0mjsonRpcNotify: JsonRpcNotificationMessage(2.0, build/logMessage, {"type":1,"message":"                        ^"})[0m
[0m[[0m[0mdebug[0m] [0m[0mjsonRpcNotify: JsonRpcNotificationMessage(2.0, build/publishDiagnostics, {"textDocument":{"uri":"file:///C:/Users/18284/Desktop/Training%20Program/Week%204/hiveproject1/src/main/scala/example/StockApplication.scala"},"buildTarget":{"uri":"file:/C:/Users/18284/Desktop/Training%20Program/Week%204/hiveproject1/#root/Compile"},"diagnostics":[{"range":{"start":{"line":83,"character":24},"end":{"line":83,"character":25}},"severity":1,"source":"sbt","message":"not found: value stmt"}],"reset":false})[0m
[0m[[0m[31merror[0m] [0m[0mC:\Users\18284\Desktop\Training Program\Week 4\hiveproject1\src\main\scala\example\StockApplication.scala:84:25: not found: value stmt[0m
[0m[[0m[31merror[0m] [0m[0m                        stmt.execute(hiveCommand)[0m
[0m[[0m[31merror[0m] [0m[0m                        ^[0m
[0m[[0m[0mdebug[0m] [0m[0mjsonRpcNotify: JsonRpcNotificationMessage(2.0, build/logMessage, {"type":1,"message":"C:\\Users\\18284\\Desktop\\Training Program\\Week 4\\hiveproject1\\src\\main\\scala\\example\\StockApplication.scala:84:25: not found: value stmt"})[0m
[0m[[0m[0mdebug[0m] [0m[0mjsonRpcNotify: JsonRpcNotificationMessage(2.0, build/logMessage, {"type":1,"message":"                        stmt.execute(hiveCommand)"})[0m
[0m[[0m[0mdebug[0m] [0m[0mjsonRpcNotify: JsonRpcNotificationMessage(2.0, build/logMessage, {"type":1,"message":"                        ^"})[0m
[0m[[0m[0mdebug[0m] [0m[0mjsonRpcNotify: JsonRpcNotificationMessage(2.0, build/publishDiagnostics, {"textDocument":{"uri":"file:///C:/Users/18284/Desktop/Training%20Program/Week%204/hiveproject1/src/main/scala/example/StockApplication.scala"},"buildTarget":{"uri":"file:/C:/Users/18284/Desktop/Training%20Program/Week%204/hiveproject1/#root/Compile"},"diagnostics":[{"range":{"start":{"line":83,"character":37},"end":{"line":83,"character":38}},"severity":1,"source":"sbt","message":"not found: value hiveCommand"}],"reset":false})[0m
[0m[[0m[31merror[0m] [0m[0mC:\Users\18284\Desktop\Training Program\Week 4\hiveproject1\src\main\scala\example\StockApplication.scala:84:38: not found: value hiveCommand[0m
[0m[[0m[31merror[0m] [0m[0m                        stmt.execute(hiveCommand)[0m
[0m[[0m[31merror[0m] [0m[0m                                     ^[0m
[0m[[0m[0mdebug[0m] [0m[0mjsonRpcNotify: JsonRpcNotificationMessage(2.0, build/logMessage, {"type":1,"message":"C:\\Users\\18284\\Desktop\\Training Program\\Week 4\\hiveproject1\\src\\main\\scala\\example\\StockApplication.scala:84:38: not found: value hiveCommand"})[0m
[0m[[0m[0mdebug[0m] [0m[0mjsonRpcNotify: JsonRpcNotificationMessage(2.0, build/logMessage, {"type":1,"message":"                        stmt.execute(hiveCommand)"})[0m
[0m[[0m[0mdebug[0m] [0m[0mjsonRpcNotify: JsonRpcNotificationMessage(2.0, build/logMessage, {"type":1,"message":"                                     ^"})[0m
[0m[[0m[0mdebug[0m] [0m[0mjsonRpcNotify: JsonRpcNotificationMessage(2.0, build/publishDiagnostics, {"textDocument":{"uri":"file:///C:/Users/18284/Desktop/Training%20Program/Week%204/hiveproject1/src/main/scala/example/StockApplication.scala"},"buildTarget":{"uri":"file:/C:/Users/18284/Desktop/Training%20Program/Week%204/hiveproject1/#root/Compile"},"diagnostics":[{"range":{"start":{"line":105,"character":8},"end":{"line":105,"character":9}},"severity":2,"source":"sbt","message":"a pure expression does nothing in statement position; you may be omitting necessary parentheses"}],"reset":false})[0m
[0m[[0m[33mwarn[0m] [0m[0mC:\Users\18284\Desktop\Training Program\Week 4\hiveproject1\src\main\scala\example\StockApplication.scala:106:9: a pure expression does nothing in statement position; you may be omitting necessary parentheses[0m
[0m[[0m[33mwarn[0m] [0m[0m        x[0m
[0m[[0m[33mwarn[0m] [0m[0m        ^[0m
[0m[[0m[0mdebug[0m] [0m[0mjsonRpcNotify: JsonRpcNotificationMessage(2.0, build/logMessage, {"type":2,"message":"C:\\Users\\18284\\Desktop\\Training Program\\Week 4\\hiveproject1\\src\\main\\scala\\example\\StockApplication.scala:106:9: a pure expression does nothing in statement position; you may be omitting necessary parentheses"})[0m
[0m[[0m[0mdebug[0m] [0m[0mjsonRpcNotify: JsonRpcNotificationMessage(2.0, build/logMessage, {"type":2,"message":"        x"})[0m
[0m[[0m[0mdebug[0m] [0m[0mjsonRpcNotify: JsonRpcNotificationMessage(2.0, build/logMessage, {"type":2,"message":"        ^"})[0m
[0m[[0m[0mdebug[0m] [0m[0mjsonRpcNotify: JsonRpcNotificationMessage(2.0, build/publishDiagnostics, {"textDocument":{"uri":"file:///C:/Users/18284/Desktop/Training%20Program/Week%204/hiveproject1/src/main/scala/example/StockApplication.scala"},"buildTarget":{"uri":"file:/C:/Users/18284/Desktop/Training%20Program/Week%204/hiveproject1/#root/Compile"},"diagnostics":[{"range":{"start":{"line":117,"character":20},"end":{"line":117,"character":21}},"severity":1,"source":"sbt","message":"not found: value con"}],"reset":false})[0m
[0m[[0m[31merror[0m] [0m[0mC:\Users\18284\Desktop\Training Program\Week 4\hiveproject1\src\main\scala\example\StockApplication.scala:118:21: not found: value con[0m
[0m[[0m[31merror[0m] [0m[0m                if (con != null)[0m
[0m[[0m[31merror[0m] [0m[0m                    ^[0m
[0m[[0m[0mdebug[0m] [0m[0mjsonRpcNotify: JsonRpcNotificationMessage(2.0, build/logMessage, {"type":1,"message":"C:\\Users\\18284\\Desktop\\Training Program\\Week 4\\hiveproject1\\src\\main\\scala\\example\\StockApplication.scala:118:21: not found: value con"})[0m
[0m[[0m[0mdebug[0m] [0m[0mjsonRpcNotify: JsonRpcNotificationMessage(2.0, build/logMessage, {"type":1,"message":"                if (con != null)"})[0m
[0m[[0m[0mdebug[0m] [0m[0mjsonRpcNotify: JsonRpcNotificationMessage(2.0, build/logMessage, {"type":1,"message":"                    ^"})[0m
[0m[[0m[0mdebug[0m] [0m[0mjsonRpcNotify: JsonRpcNotificationMessage(2.0, build/publishDiagnostics, {"textDocument":{"uri":"file:///C:/Users/18284/Desktop/Training%20Program/Week%204/hiveproject1/src/main/scala/example/StockApplication.scala"},"buildTarget":{"uri":"file:/C:/Users/18284/Desktop/Training%20Program/Week%204/hiveproject1/#root/Compile"},"diagnostics":[{"range":{"start":{"line":118,"character":16},"end":{"line":118,"character":17}},"severity":1,"source":"sbt","message":"not found: value con"}],"reset":false})[0m
[0m[[0m[31merror[0m] [0m[0mC:\Users\18284\Desktop\Training Program\Week 4\hiveproject1\src\main\scala\example\StockApplication.scala:119:17: not found: value con[0m
[0m[[0m[31merror[0m] [0m[0m                con.close();[0m
[0m[[0m[31merror[0m] [0m[0m                ^[0m
[0m[[0m[0mdebug[0m] [0m[0mjsonRpcNotify: JsonRpcNotificationMessage(2.0, build/logMessage, {"type":1,"message":"C:\\Users\\18284\\Desktop\\Training Program\\Week 4\\hiveproject1\\src\\main\\scala\\example\\StockApplication.scala:119:17: not found: value con"})[0m
[0m[[0m[0mdebug[0m] [0m[0mjsonRpcNotify: JsonRpcNotificationMessage(2.0, build/logMessage, {"type":1,"message":"                con.close();"})[0m
[0m[[0m[0mdebug[0m] [0m[0mjsonRpcNotify: JsonRpcNotificationMessage(2.0, build/logMessage, {"type":1,"message":"                ^"})[0m
[0m[[0m[0mdebug[0m] [0m[0mjsonRpcNotify: JsonRpcNotificationMessage(2.0, build/publishDiagnostics, {"textDocument":{"uri":"file:///C:/Users/18284/Desktop/Training%20Program/Week%204/hiveproject1/src/main/scala/example/StockApplication.scala"},"buildTarget":{"uri":"file:/C:/Users/18284/Desktop/Training%20Program/Week%204/hiveproject1/#root/Compile"},"diagnostics":[{"range":{"start":{"line":120,"character":21},"end":{"line":120,"character":22}},"severity":2,"source":"sbt","message":"This catches all Throwables. If this is really intended, use `case ex : Throwable` to clear this warning."}],"reset":false})[0m
[0m[[0m[33mwarn[0m] [0m[0mC:\Users\18284\Desktop\Training Program\Week 4\hiveproject1\src\main\scala\example\StockApplication.scala:121:22: This catches all Throwables. If this is really intended, use `case ex : Throwable` to clear this warning.[0m
[0m[[0m[33mwarn[0m] [0m[0m                case ex => {[0m
[0m[[0m[33mwarn[0m] [0m[0m                     ^[0m
[0m[[0m[0mdebug[0m] [0m[0mjsonRpcNotify: JsonRpcNotificationMessage(2.0, build/logMessage, {"type":2,"message":"C:\\Users\\18284\\Desktop\\Training Program\\Week 4\\hiveproject1\\src\\main\\scala\\example\\StockApplication.scala:121:22: This catches all Throwables. If this is really intended, use `case ex : Throwable` to clear this warning."})[0m
[0m[[0m[0mdebug[0m] [0m[0mjsonRpcNotify: JsonRpcNotificationMessage(2.0, build/logMessage, {"type":2,"message":"                case ex => {"})[0m
[0m[[0m[0mdebug[0m] [0m[0mjsonRpcNotify: JsonRpcNotificationMessage(2.0, build/logMessage, {"type":2,"message":"                     ^"})[0m
[0m[[0m[0mdebug[0m] [0m[0mjsonRpcNotify: JsonRpcNotificationMessage(2.0, build/publishDiagnostics, {"textDocument":{"uri":"file:///C:/Users/18284/Desktop/Training%20Program/Week%204/hiveproject1/src/main/scala/example/StockApplication.scala"},"buildTarget":{"uri":"file:/C:/Users/18284/Desktop/Training%20Program/Week%204/hiveproject1/#root/Compile"},"diagnostics":[{"range":{"start":{"line":111,"character":17},"end":{"line":111,"character":18}},"severity":2,"source":"sbt","message":"This catches all Throwables. If this is really intended, use `case ex : Throwable` to clear this warning."}],"reset":false})[0m
[0m[[0m[33mwarn[0m] [0m[0mC:\Users\18284\Desktop\Training Program\Week 4\hiveproject1\src\main\scala\example\StockApplication.scala:112:18: This catches all Throwables. If this is really intended, use `case ex : Throwable` to clear this warning.[0m
[0m[[0m[33mwarn[0m] [0m[0m            case ex => {[0m
[0m[[0m[33mwarn[0m] [0m[0m                 ^[0m
[0m[[0m[0mdebug[0m] [0m[0mjsonRpcNotify: JsonRpcNotificationMessage(2.0, build/logMessage, {"type":2,"message":"C:\\Users\\18284\\Desktop\\Training Program\\Week 4\\hiveproject1\\src\\main\\scala\\example\\StockApplication.scala:112:18: This catches all Throwables. If this is really intended, use `case ex : Throwable` to clear this warning."})[0m
[0m[[0m[0mdebug[0m] [0m[0mjsonRpcNotify: JsonRpcNotificationMessage(2.0, build/logMessage, {"type":2,"message":"            case ex => {"})[0m
[0m[[0m[0mdebug[0m] [0m[0mjsonRpcNotify: JsonRpcNotificationMessage(2.0, build/logMessage, {"type":2,"message":"                 ^"})[0m
[0m[[0m[33mwarn[0m] [0m[0mthree warnings found[0m
[0m[[0m[0mdebug[0m] [0m[0mjsonRpcNotify: JsonRpcNotificationMessage(2.0, build/logMessage, {"type":2,"message":"three warnings found"})[0m
[0m[[0m[31merror[0m] [0m[0m8 errors found[0m
[0m[[0m[0mdebug[0m] [0m[0mjsonRpcNotify: JsonRpcNotificationMessage(2.0, build/logMessage, {"type":1,"message":"8 errors found"})[0m
[0m[[0m[0mdebug[0m] [0m[0mjsonRpcNotify: JsonRpcNotificationMessage(2.0, build/publishDiagnostics, {"textDocument":{"uri":"file:///C:/Users/18284/Desktop/Training%20Program/Week%204/hiveproject1/src/main/scala/example/HiveScala.scala"},"buildTarget":{"uri":"file:/C:/Users/18284/Desktop/Training%20Program/Week%204/hiveproject1/#root/Compile"},"diagnostics":[],"reset":true})[0m
[0m[[0m[0mdebug[0m] [0m[0mjsonRpcNotify: JsonRpcNotificationMessage(2.0, build/publishDiagnostics, {"textDocument":{"uri":"file:///C:/Users/18284/Desktop/Training%20Program/Week%204/hiveproject1/src/main/scala/example/LoginScreen.scala"},"buildTarget":{"uri":"file:/C:/Users/18284/Desktop/Training%20Program/Week%204/hiveproject1/#root/Compile"},"diagnostics":[],"reset":true})[0m
[0m[[0m[0mdebug[0m] [0m[0mjsonRpcNotify: JsonRpcNotificationMessage(2.0, build/publishDiagnostics, {"textDocument":{"uri":"file:///C:/Users/18284/Desktop/Training%20Program/Week%204/hiveproject1/src/main/scala/example/StockApplication.scala"},"buildTarget":{"uri":"file:/C:/Users/18284/Desktop/Training%20Program/Week%204/hiveproject1/#root/Compile"},"diagnostics":[{"range":{"start":{"line":77,"character":24},"end":{"line":77,"character":25}},"severity":1,"source":"sbt","message":"not found: value hiveCommand"},{"range":{"start":{"line":78,"character":24},"end":{"line":78,"character":25}},"severity":1,"source":"sbt","message":"not found: value stmt"},{"range":{"start":{"line":78,"character":37},"end":{"line":78,"character":38}},"severity":1,"source":"sbt","message":"not found: value hiveCommand"},{"range":{"start":{"line":82,"character":24},"end":{"line":82,"character":25}},"severity":1,"source":"sbt","message":"not found: value hiveCommand"},{"range":{"start":{"line":83,"character":24},"end":{"line":83,"character":25}},"severity":1,"source":"sbt","message":"not found: value stmt"},{"range":{"start":{"line":83,"character":37},"end":{"line":83,"character":38}},"severity":1,"source":"sbt","message":"not found: value hiveCommand"},{"range":{"start":{"line":105,"character":8},"end":{"line":105,"character":9}},"severity":2,"source":"sbt","message":"a pure expression does nothing in statement position; you may be omitting necessary parentheses"},{"range":{"start":{"line":117,"character":20},"end":{"line":117,"character":21}},"severity":1,"source":"sbt","message":"not found: value con"},{"range":{"start":{"line":118,"character":16},"end":{"line":118,"character":17}},"severity":1,"source":"sbt","message":"not found: value con"},{"range":{"start":{"line":120,"character":21},"end":{"line":120,"character":22}},"severity":2,"source":"sbt","message":"This catches all Throwables. If this is really intended, use `case ex : Throwable` to clear this warning."},{"range":{"start":{"line":111,"character":17},"end":{"line":111,"character":18}},"severity":2,"source":"sbt","message":"This catches all Throwables. If this is really intended, use `case ex : Throwable` to clear this warning."}],"reset":true})[0m
[0m[[0m[0mdebug[0m] [0m[0mjsonRpcNotify: JsonRpcNotificationMessage(2.0, build/taskFinish, {"taskId":{"id":"100","parents":[]},"eventTime":1635717646059,"message":"Compiled root","status":2,"dataKind":"compile-report","data":{"target":{"uri":"file:/C:/Users/18284/Desktop/Training%20Program/Week%204/hiveproject1/#root/Compile"},"errors":8,"warnings":3,"time":156}})[0m
[0m[[0m[31merror[0m] [0m[0m(Compile / [31mcompileIncremental[0m) Compilation failed[0m
[0m[[0m[0mdebug[0m] [0m[0mjsonRpcNotify: JsonRpcNotificationMessage(2.0, build/logMessage, {"type":1,"message":"(Compile / \u001b[31mcompileIncremental\u001b[0m) Compilation failed"})[0m
[0m[[0m[31merror[0m] [0m[0mTotal time: 0 s, completed Oct 31, 2021, 6:00:46 PM[0m
[0m[[0m[0mdebug[0m] [0m[0m> Exec(shell, None, None)[0m
[0m[[0m[0mdebug[0m] [0m[0mUnhandled request received: shutdown: JsonRpcRequestMessage(2.0, ♨12, shutdown, null})[0m
