[0m[[0m[0mdebug[0m] [0m[0m> Exec(;Test/compile; collectAnalyses, None, Some(CommandSource(network-1)))[0m
[0m[[0m[0mdebug[0m] [0m[0munmatched Processing event for requestId None: None[0m
[0m[[0m[0mdebug[0m] [0m[0munmatched Done event for requestId None: None[0m
[0m[[0m[0mdebug[0m] [0m[0m> Exec(Test/compile, None, Some(CommandSource(network-1)))[0m
[0m[[0m[0mdebug[0m] [0m[0munmatched Processing event for requestId None: None[0m
[0m[[0m[0mdebug[0m] [0m[0mEvaluating tasks: Test / compile[0m
[0m[[0m[0mdebug[0m] [0m[0mRunning task... Cancel: bloop.integrations.sbt.Offloader$$anon$1@4c3d72fd, check cycles: false, forcegc: true[0m
[0m[[0m[0mdebug[0m] [0m[0mjsonRpcNotify: JsonRpcNotificationMessage(2.0, build/taskStart, {"taskId":{"id":"48","parents":[]},"eventTime":1635720730753,"message":"Compiling root","dataKind":"compile-task","data":{"target":{"uri":"file:/C:/Users/18284/Desktop/Training%20Program/Week%204/hiveproject1/#root/Compile"}}})[0m
[0m[[0m[0mdebug[0m] [0m[0mjsonRpcNotify: JsonRpcNotificationMessage(2.0, build/publishDiagnostics, {"textDocument":{"uri":"file:///C:/Users/18284/Desktop/Training%20Program/Week%204/hiveproject1/src/main/scala/example/StockApplication.scala"},"buildTarget":{"uri":"file:/C:/Users/18284/Desktop/Training%20Program/Week%204/hiveproject1/#root/Compile"},"diagnostics":[{"range":{"start":{"line":112,"character":21},"end":{"line":112,"character":22}},"severity":2,"source":"sbt","message":"This catches all Throwables. If this is really intended, use `case ex : Throwable` to clear this warning."},{"range":{"start":{"line":103,"character":17},"end":{"line":103,"character":18}},"severity":2,"source":"sbt","message":"This catches all Throwables. If this is really intended, use `case ex : Throwable` to clear this warning."},{"range":{"start":{"line":157,"character":21},"end":{"line":157,"character":22}},"severity":2,"source":"sbt","message":"This catches all Throwables. If this is really intended, use `case ex : Throwable` to clear this warning."},{"range":{"start":{"line":148,"character":17},"end":{"line":148,"character":18}},"severity":2,"source":"sbt","message":"This catches all Throwables. If this is really intended, use `case ex : Throwable` to clear this warning."}],"reset":true})[0m
[0m[[0m[0mdebug[0m] [0m[0mjsonRpcNotify: JsonRpcNotificationMessage(2.0, build/publishDiagnostics, {"textDocument":{"uri":"file:///C:/Users/18284/Desktop/Training%20Program/Week%204/hiveproject1/src/main/scala/example/LoginScreen.scala"},"buildTarget":{"uri":"file:/C:/Users/18284/Desktop/Training%20Program/Week%204/hiveproject1/#root/Compile"},"diagnostics":[],"reset":true})[0m
[0m[[0m[0mdebug[0m] [0m[0mjsonRpcNotify: JsonRpcNotificationMessage(2.0, build/publishDiagnostics, {"textDocument":{"uri":"file:///C:/Users/18284/Desktop/Training%20Program/Week%204/hiveproject1/src/main/scala/example/HiveScala.scala"},"buildTarget":{"uri":"file:/C:/Users/18284/Desktop/Training%20Program/Week%204/hiveproject1/#root/Compile"},"diagnostics":[{"range":{"start":{"line":2,"character":0},"end":{"line":2,"character":7}},"severity":2,"source":"sbt","message":"imported `LoginScreen' is permanently hidden by definition of object LoginScreen in package example"},{"range":{"start":{"line":3,"character":0},"end":{"line":3,"character":7}},"severity":2,"source":"sbt","message":"imported `StockApplication' is permanently hidden by definition of object StockApplication in package example"}],"reset":true})[0m
[0m[[0m[0mdebug[0m] [0m[0mjsonRpcNotify: JsonRpcNotificationMessage(2.0, build/taskFinish, {"taskId":{"id":"48","parents":[]},"eventTime":1635720730759,"message":"Compiled root","status":1,"dataKind":"compile-report","data":{"target":{"uri":"file:/C:/Users/18284/Desktop/Training%20Program/Week%204/hiveproject1/#root/Compile"},"errors":0,"warnings":6,"time":6}})[0m
[0m[[0m[0mdebug[0m] [0m[0mjsonRpcNotify: JsonRpcNotificationMessage(2.0, build/taskStart, {"taskId":{"id":"49","parents":[]},"eventTime":1635720730762,"message":"Compiling root-test","dataKind":"compile-task","data":{"target":{"uri":"file:/C:/Users/18284/Desktop/Training%20Program/Week%204/hiveproject1/#root/Test"}}})[0m
[0m[[0m[0mdebug[0m] [0m[0mjsonRpcNotify: JsonRpcNotificationMessage(2.0, build/taskFinish, {"taskId":{"id":"49","parents":[]},"eventTime":1635720730766,"message":"Compiled root-test","status":1,"dataKind":"compile-report","data":{"target":{"uri":"file:/C:/Users/18284/Desktop/Training%20Program/Week%204/hiveproject1/#root/Test"},"errors":0,"warnings":0,"time":4}})[0m
[0m[[0m[32msuccess[0m] [0m[0mTotal time: 0 s, completed Oct 31, 2021, 6:52:10 PM[0m
[0m[[0m[0mdebug[0m] [0m[0munmatched Done event for requestId None: None[0m
[0m[[0m[0mdebug[0m] [0m[0m> Exec(collectAnalyses, None, Some(CommandSource(network-1)))[0m
[0m[[0m[0mdebug[0m] [0m[0munmatched Processing event for requestId None: None[0m
[0m[[0m[0mdebug[0m] [0m[0mEvaluating tasks: Compile / collectAnalyses[0m
[0m[[0m[0mdebug[0m] [0m[0mRunning task... Cancel: bloop.integrations.sbt.Offloader$$anon$1@3ba8ef4e, check cycles: false, forcegc: true[0m
[0m[[0m[0mdebug[0m] [0m[0manalysis location (C:\Users\18284\Desktop\Training Program\Week 4\hiveproject1\target\scala-2.11\zinc\inc_compile_2.11.zip,true)[0m
[0m[[0m[32msuccess[0m] [0m[0mTotal time: 0 s, completed Oct 31, 2021, 6:52:10 PM[0m
[0m[[0m[0mdebug[0m] [0m[0munmatched Done event for requestId None: None[0m
[0m[[0m[0mdebug[0m] [0m[0m> Exec(shell, None, None)[0m
[0m[[0m[0mdebug[0m] [0m[0mUnhandled request received: shutdown: JsonRpcRequestMessage(2.0, ♨9, shutdown, null})[0m
