[0m[[0m[0mdebug[0m] [0m[0m> Exec(compile, Some(9647caa7-d412-43ea-ba24-d1ac9474cb14), Some(CommandSource(console0)))[0m
[0m[[0m[0mdebug[0m] [0m[0mEvaluating tasks: Compile / compile[0m
[0m[[0m[0mdebug[0m] [0m[0mRunning task... Cancel: bloop.integrations.sbt.Offloader$$anon$1@2d4a0671, check cycles: false, forcegc: true[0m
[0m[[0m[0minfo[0m] [0m[0mcompiling 4 Scala sources to C:\Users\18284\Desktop\Training Program\Week 4\hiveproject1\target\scala-2.11\classes ...[0m
[0m[[0m[33mwarn[0m] [0m[0mC:\Users\18284\Desktop\Training Program\Week 4\hiveproject1\src\main\scala\example\HiveScala.scala:3:16: imported `LoginScreen' is permanently hidden by definition of object LoginScreen in package example[0m
[0m[[0m[33mwarn[0m] [0m[0mimport example.LoginScreen[0m
[0m[[0m[33mwarn[0m] [0m[0m               ^[0m
[0m[[0m[33mwarn[0m] [0m[0mC:\Users\18284\Desktop\Training Program\Week 4\hiveproject1\src\main\scala\example\HiveScala.scala:4:16: imported `StockApplication' is permanently hidden by definition of object StockApplication in package example[0m
[0m[[0m[33mwarn[0m] [0m[0mimport example.StockApplication[0m
[0m[[0m[33mwarn[0m] [0m[0m               ^[0m
[0m[[0m[31merror[0m] [0m[0mC:\Users\18284\Desktop\Training Program\Week 4\hiveproject1\src\main\scala\example\StockApplication.scala:3:8: object GetUrlContent is not a member of package example[0m
[0m[[0m[31merror[0m] [0m[0mimport example.GetUrlContent[0m
[0m[[0m[31merror[0m] [0m[0m       ^[0m
[0m[[0m[33mwarn[0m] [0m[0mC:\Users\18284\Desktop\Training Program\Week 4\hiveproject1\src\main\scala\example\StockApplication.scala:39:22: This catches all Throwables. If this is really intended, use `case ex : Throwable` to clear this warning.[0m
[0m[[0m[33mwarn[0m] [0m[0m                case ex => {[0m
[0m[[0m[33mwarn[0m] [0m[0m                     ^[0m
[0m[[0m[33mwarn[0m] [0m[0mC:\Users\18284\Desktop\Training Program\Week 4\hiveproject1\src\main\scala\example\StockApplication.scala:30:18: This catches all Throwables. If this is really intended, use `case ex : Throwable` to clear this warning.[0m
[0m[[0m[33mwarn[0m] [0m[0m            case ex => {[0m
[0m[[0m[33mwarn[0m] [0m[0m                 ^[0m
[0m[[0m[31merror[0m] [0m[0mC:\Users\18284\Desktop\Training Program\Week 4\hiveproject1\src\main\scala\example\StockApplication.scala:60:25: not found: value GetUrlContent[0m
[0m[[0m[31merror[0m] [0m[0m                        GetUrlContent.simpleApi[0m
[0m[[0m[31merror[0m] [0m[0m                        ^[0m
[0m[[0m[33mwarn[0m] [0m[0mfour warnings found[0m
[0m[[0m[31merror[0m] [0m[0mtwo errors found[0m
[0m[[0m[31merror[0m] [0m[0m(Compile / [31mcompileIncremental[0m) Compilation failed[0m
[0m[[0m[31merror[0m] [0m[0mTotal time: 0 s, completed Oct 31, 2021, 10:28:55 AM[0m
[0m[[0m[0mdebug[0m] [0m[0m> Exec(shell, None, None)[0m
