[0m[[0m[0mdebug[0m] [0m[0m> Exec(;Test/compile; collectAnalyses, None, Some(CommandSource(network-1)))[0m
[0m[[0m[0mdebug[0m] [0m[0munmatched Processing event for requestId None: None[0m
[0m[[0m[0mdebug[0m] [0m[0munmatched Done event for requestId None: None[0m
[0m[[0m[0mdebug[0m] [0m[0m> Exec(Test/compile, None, Some(CommandSource(network-1)))[0m
[0m[[0m[0mdebug[0m] [0m[0munmatched Processing event for requestId None: None[0m
[0m[[0m[0mdebug[0m] [0m[0mEvaluating tasks: Test / compile[0m
[0m[[0m[0mdebug[0m] [0m[0mRunning task... Cancel: bloop.integrations.sbt.Offloader$$anon$1@6edd4fe2, check cycles: false, forcegc: true[0m
[0m[[0m[0mdebug[0m] [0m[0mjsonRpcNotify: JsonRpcNotificationMessage(2.0, build/taskStart, {"taskId":{"id":"4","parents":[]},"eventTime":1635394989895,"message":"Compiling root","dataKind":"compile-task","data":{"target":{"uri":"file:/C:/Users/18284/Desktop/Training%20Program/Week%204/hiveproject1/#root/Compile"}}})[0m
[0m[[0m[0minfo[0m] [0m[0mcompiling 1 Scala source to C:\Users\18284\Desktop\Training Program\Week 4\hiveproject1\target\scala-2.13\classes ...[0m
[0m[[0m[0mdebug[0m] [0m[0mjsonRpcNotify: JsonRpcNotificationMessage(2.0, build/logMessage, {"type":3,"message":"compiling 1 Scala source to C:\\Users\\18284\\Desktop\\Training Program\\Week 4\\hiveproject1\\target\\scala-2.13\\classes ..."})[0m
[0m[[0m[33mwarn[0m] [0m[0m2 deprecations (since 2.13.0)[0m
[0m[[0m[0mdebug[0m] [0m[0mjsonRpcNotify: JsonRpcNotificationMessage(2.0, build/logMessage, {"type":2,"message":"2 deprecations (since 2.13.0)"})[0m
[0m[[0m[33mwarn[0m] [0m[0m1 deprecation (since 2.13.3)[0m
[0m[[0m[0mdebug[0m] [0m[0mjsonRpcNotify: JsonRpcNotificationMessage(2.0, build/logMessage, {"type":2,"message":"1 deprecation (since 2.13.3)"})[0m
[0m[[0m[33mwarn[0m] [0m[0m3 deprecations in total; re-run with -deprecation for details[0m
[0m[[0m[0mdebug[0m] [0m[0mjsonRpcNotify: JsonRpcNotificationMessage(2.0, build/logMessage, {"type":2,"message":"3 deprecations in total; re-run with -deprecation for details"})[0m
[0m[[0m[33mwarn[0m] [0m[0mthree warnings found[0m
[0m[[0m[0mdebug[0m] [0m[0mjsonRpcNotify: JsonRpcNotificationMessage(2.0, build/logMessage, {"type":2,"message":"three warnings found"})[0m
[0m[[0m[0mdebug[0m] [0m[0mjsonRpcNotify: JsonRpcNotificationMessage(2.0, build/publishDiagnostics, {"textDocument":{"uri":"file:///C:/Users/18284/Desktop/Training%20Program/Week%204/hiveproject1/src/main/scala/example/LoginScreen.scala"},"buildTarget":{"uri":"file:/C:/Users/18284/Desktop/Training%20Program/Week%204/hiveproject1/#root/Compile"},"diagnostics":[],"reset":true})[0m
[0m[[0m[0mdebug[0m] [0m[0mjsonRpcNotify: JsonRpcNotificationMessage(2.0, build/publishDiagnostics, {"textDocument":{"uri":"file:///C:/Users/18284/Desktop/Training%20Program/Week%204/hiveproject1/src/main/scala/example/HiveScala.scala"},"buildTarget":{"uri":"file:/C:/Users/18284/Desktop/Training%20Program/Week%204/hiveproject1/#root/Compile"},"diagnostics":[],"reset":true})[0m
[0m[[0m[0mdebug[0m] [0m[0mjsonRpcNotify: JsonRpcNotificationMessage(2.0, build/taskFinish, {"taskId":{"id":"4","parents":[]},"eventTime":1635394990225,"message":"Compiled root","status":1,"dataKind":"compile-report","data":{"target":{"uri":"file:/C:/Users/18284/Desktop/Training%20Program/Week%204/hiveproject1/#root/Compile"},"errors":0,"warnings":0,"time":330}})[0m
[0m[[0m[0mdebug[0m] [0m[0mjsonRpcNotify: JsonRpcNotificationMessage(2.0, build/taskStart, {"taskId":{"id":"5","parents":[]},"eventTime":1635394990236,"message":"Compiling root-test","dataKind":"compile-task","data":{"target":{"uri":"file:/C:/Users/18284/Desktop/Training%20Program/Week%204/hiveproject1/#root/Test"}}})[0m
[0m[[0m[0mdebug[0m] [0m[0mjsonRpcNotify: JsonRpcNotificationMessage(2.0, build/taskFinish, {"taskId":{"id":"5","parents":[]},"eventTime":1635394990253,"message":"Compiled root-test","status":1,"dataKind":"compile-report","data":{"target":{"uri":"file:/C:/Users/18284/Desktop/Training%20Program/Week%204/hiveproject1/#root/Test"},"errors":0,"warnings":0,"time":17}})[0m
[0m[[0m[32msuccess[0m] [0m[0mTotal time: 0 s, completed Oct 28, 2021, 12:23:10 AM[0m
[0m[[0m[0mdebug[0m] [0m[0munmatched Done event for requestId None: None[0m
[0m[[0m[0mdebug[0m] [0m[0m> Exec(collectAnalyses, None, Some(CommandSource(network-1)))[0m
[0m[[0m[0mdebug[0m] [0m[0munmatched Processing event for requestId None: None[0m
[0m[[0m[0mdebug[0m] [0m[0mEvaluating tasks: Compile / collectAnalyses[0m
[0m[[0m[0mdebug[0m] [0m[0mRunning task... Cancel: bloop.integrations.sbt.Offloader$$anon$1@3c8758d1, check cycles: false, forcegc: true[0m
[0m[[0m[0mdebug[0m] [0m[0manalysis location (C:\Users\18284\Desktop\Training Program\Week 4\hiveproject1\target\scala-2.13\zinc\inc_compile_2.13.zip,true)[0m
[0m[[0m[32msuccess[0m] [0m[0mTotal time: 0 s, completed Oct 28, 2021, 12:23:10 AM[0m
[0m[[0m[0mdebug[0m] [0m[0munmatched Done event for requestId None: None[0m
[0m[[0m[0mdebug[0m] [0m[0m> Exec(shell, None, None)[0m
